<?xml version="1.0" encoding="UTF-8"?>
<!-- Generated by org.testng.reporters.JUnitXMLReporter -->
<testsuite ignored="0" hostname="LTIN485900" failures="0" tests="21" name="Test-Suite-1" time="53.748" errors="0" timestamp="2024-04-07T18:24:40 IST">
  <testcase classname="testSuites.TestSuite1_UpcomingHondaBikes" name="validateNewBikesDropdown" time="1.123"/>
  <testcase classname="testSuites.TestSuite1_UpcomingHondaBikes" name="validateUpcomingBikeIsClickable" time="0.147"/>
  <testcase classname="testSuites.TestSuite1_UpcomingHondaBikes" name="validateUpcomingBikesButton" time="1.36"/>
  <testcase classname="testSuites.TestSuite1_UpcomingHondaBikes" name="validateManufacturerDropdown" time="0.687"/>
  <testcase classname="testSuites.TestSuite1_UpcomingHondaBikes" name="validateHondaButtonIsClickable" time="0.117"/>
  <testcase classname="testSuites.TestSuite1_UpcomingHondaBikes" name="validateHondaButton" time="1.053"/>
  <testcase classname="testSuites.TestSuite1_UpcomingHondaBikes" name="validateViewMoreButtonIsClickable" time="0.198"/>
  <testcase classname="testSuites.TestSuite1_UpcomingHondaBikes" name="validateUpcomingHondaBikes" time="2.397"/>
  <testcase classname="testSuites.TestSuite1_UpcomingHondaBikes" name="validateTheMessage" time="0.057"/>
  <testcase classname="testSuites.TestSuite1_UpcomingHondaBikes" name="displayAllBikeDetails" time="1.733"/>
  <testcase classname="testSuites.TestSuite1_UpcomingHondaBikes" name="displayBelow4LaBikeDetails" time="1.305"/>
  <testcase classname="testSuites.TestSuite2_UsedCarsInChennai" name="validateUsedCarsDropdown" time="0.349"/>
  <testcase classname="testSuites.TestSuite2_UsedCarsInChennai" name="validateChennaiIsClickable" time="0.413"/>
  <testcase classname="testSuites.TestSuite2_UsedCarsInChennai" name="validateChennaiLink" time="4.198"/>
  <testcase classname="testSuites.TestSuite2_UsedCarsInChennai" name="validatePopularModelsIsDisplayed" time="0.057"/>
  <testcase classname="testSuites.TestSuite2_UsedCarsInChennai" name="displayPopularModels" time="0.284"/>
  <testcase classname="testSuites.TestSuite3_Login" name="valiateLoginButtonIsClickable" time="0.134"/>
  <testcase classname="testSuites.TestSuite3_Login" name="validateLoginScreenVisible" time="0.516"/>
  <testcase classname="testSuites.TestSuite3_Login" name="validateGoogleButtonIsClickable" time="0.186"/>
  <testcase classname="testSuites.TestSuite3_Login" name="validateGoogleLink" time="5.416"/>
  <testcase classname="testSuites.TestSuite3_Login" name="captureErrorMessafeWithInvalidMail" time="1.13"/>
</testsuite> <!-- Test-Suite-1 -->
