<?xml version="1.0" encoding="UTF-8"?>
<!-- Generated by org.testng.reporters.JUnitXMLReporter -->
<testsuite ignored="0" hostname="LTIN485900" failures="0" tests="5" name="Test-Suite-3" time="18.901" errors="0" timestamp="2024-04-07T18:20:36 IST">
  <testcase classname="testSuites.TestSuite3_Login" name="valiateLoginButtonIsClickable" time="0.181"/>
  <testcase classname="testSuites.TestSuite3_Login" name="validateLoginScreenVisible" time="0.862"/>
  <testcase classname="testSuites.TestSuite3_Login" name="validateGoogleButtonIsClickable" time="0.196"/>
  <testcase classname="testSuites.TestSuite3_Login" name="validateGoogleLink" time="5.403"/>
  <testcase classname="testSuites.TestSuite3_Login" name="captureErrorMessafeWithInvalidMail" time="1.7"/>
</testsuite> <!-- Test-Suite-3 -->
