<?xml version="1.0" encoding="UTF-8"?>
<!-- Generated by org.testng.reporters.JUnitXMLReporter -->
<testsuite ignored="0" hostname="LTIN485900" failures="0" tests="5" name="Test-Suite-2" time="13.209" errors="0" timestamp="2024-04-07T18:20:17 IST">
  <testcase classname="testSuites.TestSuite2_UsedCarsInChennai" name="validateUsedCarsDropdown" time="0.314"/>
  <testcase classname="testSuites.TestSuite2_UsedCarsInChennai" name="validateChennaiIsClickable" time="0.131"/>
  <testcase classname="testSuites.TestSuite2_UsedCarsInChennai" name="validateChennaiLink" time="4.152"/>
  <testcase classname="testSuites.TestSuite2_UsedCarsInChennai" name="validatePopularModelsIsDisplayed" time="0.09"/>
  <testcase classname="testSuites.TestSuite2_UsedCarsInChennai" name="displayPopularModels" time="0.325"/>
</testsuite> <!-- Test-Suite-2 -->
