<?xml version="1.0" encoding="UTF-8"?>
<!-- Generated by org.testng.reporters.JUnitReportReporter -->
<testsuite hostname="LTIN485900" failures="0" tests="11" name="testSuites.TestSuite1_UpcomingHondaBikes" time="35.481" errors="0" timestamp="2024-04-08T14:50:19 IST" skipped="0">
  <testcase classname="testSuites.TestSuite1_UpcomingHondaBikes" name="validateNewBikesDropdown" time="3.156"/>
  <testcase classname="testSuites.TestSuite1_UpcomingHondaBikes" name="validateUpcomingBikeIsClickable" time="0.140"/>
  <testcase classname="testSuites.TestSuite1_UpcomingHondaBikes" name="validateUpcomingBikesButton" time="2.222"/>
  <testcase classname="testSuites.TestSuite1_UpcomingHondaBikes" name="validateManufacturerDropdown" time="4.590"/>
  <testcase classname="testSuites.TestSuite1_UpcomingHondaBikes" name="validateHondaButtonIsClickable" time="0.175"/>
  <testcase classname="testSuites.TestSuite1_UpcomingHondaBikes" name="validateHondaButton" time="1.198"/>
  <testcase classname="testSuites.TestSuite1_UpcomingHondaBikes" name="validateViewMoreButtonIsClickable" time="0.104"/>
  <testcase classname="testSuites.TestSuite1_UpcomingHondaBikes" name="validateUpcomingHondaBikes" time="2.104"/>
  <testcase classname="testSuites.TestSuite1_UpcomingHondaBikes" name="validateTheMessage" time="0.037"/>
  <testcase classname="testSuites.TestSuite1_UpcomingHondaBikes" name="displayAllBikeDetails" time="4.893"/>
  <testcase classname="testSuites.TestSuite1_UpcomingHondaBikes" name="displayBelow4LakhBikeDetails" time="16.862"/>
</testsuite> <!-- testSuites.TestSuite1_UpcomingHondaBikes -->
