<?xml version="1.0" encoding="UTF-8"?>
<!-- Generated by org.testng.reporters.JUnitReportReporter -->
<testsuite hostname="LTIN485900" failures="0" tests="11" name="testCases.TestSuite1_UpcomingHondaBikes" time="10.439" errors="0" timestamp="2024-04-06T23:36:54 IST" skipped="0">
  <testcase classname="testCases.TestSuite1_UpcomingHondaBikes" name="validateNewBikesDropdown" time="0.744"/>
  <testcase classname="testCases.TestSuite1_UpcomingHondaBikes" name="validateUpcomingBikeClickable" time="0.129"/>
  <testcase classname="testCases.TestSuite1_UpcomingHondaBikes" name="validateUpcomingBikesButton" time="1.492"/>
  <testcase classname="testCases.TestSuite1_UpcomingHondaBikes" name="validateManufacturerDropdown" time="1.064"/>
  <testcase classname="testCases.TestSuite1_UpcomingHondaBikes" name="validateHondaButtonClickable" time="0.268"/>
  <testcase classname="testCases.TestSuite1_UpcomingHondaBikes" name="validateHondaButton" time="1.205"/>
  <testcase classname="testCases.TestSuite1_UpcomingHondaBikes" name="validateViewMoreButtonClickable" time="0.220"/>
  <testcase classname="testCases.TestSuite1_UpcomingHondaBikes" name="validateUpcomingHondaBikes" time="2.853"/>
  <testcase classname="testCases.TestSuite1_UpcomingHondaBikes" name="validateTheMessage" time="0.045"/>
  <testcase classname="testCases.TestSuite1_UpcomingHondaBikes" name="displayAllBikeDetails" time="0.937"/>
  <testcase classname="testCases.TestSuite1_UpcomingHondaBikes" name="displayBelow4LaBikeDetails" time="1.482"/>
</testsuite> <!-- testCases.TestSuite1_UpcomingHondaBikes -->
