<?xml version="1.0" encoding="UTF-8"?>
<!-- Generated by org.testng.reporters.JUnitReportReporter -->
<testsuite hostname="LTIN485900" failures="0" tests="5" name="testSuites.TestSuite2_UsedCarsInChennai" time="5.208" errors="0" timestamp="2024-04-08T14:50:19 IST" skipped="0">
  <testcase classname="testSuites.TestSuite2_UsedCarsInChennai" name="validateUsedCarsDropdown" time="1.171"/>
  <testcase classname="testSuites.TestSuite2_UsedCarsInChennai" name="validateChennaiIsClickable" time="0.078"/>
  <testcase classname="testSuites.TestSuite2_UsedCarsInChennai" name="validateChennaiLink" time="2.827"/>
  <testcase classname="testSuites.TestSuite2_UsedCarsInChennai" name="validatePopularModelsIsDisplayed" time="0.126"/>
  <testcase classname="testSuites.TestSuite2_UsedCarsInChennai" name="displayPopularModels" time="1.006"/>
</testsuite> <!-- testSuites.TestSuite2_UsedCarsInChennai -->
