<?xml version="1.0" encoding="UTF-8"?>
<!-- Generated by org.testng.reporters.JUnitReportReporter -->
<testsuite hostname="LTIN485900" failures="0" tests="5" name="testSuites.TestSuite3_Login" time="7.121" errors="0" timestamp="2024-04-08T14:50:19 IST" skipped="0">
  <testcase classname="testSuites.TestSuite3_Login" name="valiateLoginButtonIsClickable" time="0.069"/>
  <testcase classname="testSuites.TestSuite3_Login" name="validateLoginScreenVisible" time="0.282"/>
  <testcase classname="testSuites.TestSuite3_Login" name="validateGoogleButtonIsClickable" time="0.158"/>
  <testcase classname="testSuites.TestSuite3_Login" name="validateGoogleLink" time="5.336"/>
  <testcase classname="testSuites.TestSuite3_Login" name="captureErrorMessafeWithInvalidMail" time="1.276"/>
</testsuite> <!-- testSuites.TestSuite3_Login -->
